{
  "RSpec": {
    "coverage": {
      "/app/app/models/user.rb": {
        "lines": [
          1,
          1,
          null,
          null,
          null,
          null,
          1,
          null,
          1,
          null,
          1,
          null,
          null,
          null,
          null,
          null,
          null
        ]
      },
      "/app/app/models/application_record.rb": {
        "lines": [
          1,
          1,
          null
        ]
      },
      "/app/app/models/jwt_denylist.rb": {
        "lines": [
          1,
          1,
          1,
          null
        ]
      },
      "/app/app/models/gym.rb": {
        "lines": [
          1,
          1,
          1,
          null,
          1,
          null,
          null,
          null,
          null,
          null,
          null,
          1,
          null
        ]
      },
      "/app/app/channels/application_cable/channel.rb": {
        "lines": [
          0,
          0,
          0,
          0
        ],
        "branches": {}
      },
      "/app/app/channels/application_cable/connection.rb": {
        "lines": [
          0,
          0,
          0,
          0
        ],
        "branches": {}
      },
      "/app/app/controllers/application_controller.rb": {
        "lines": [
          0,
          0,
          null,
          0,
          null,
          0,
          0,
          0,
          0,
          0,
          null,
          0,
          0,
          0,
          0,
          0,
          0
        ],
        "branches": {}
      },
      "/app/app/controllers/graphql_controller.rb": {
        "lines": [
          null,
          0,
          null,
          null,
          0,
          0,
          0,
          0,
          null,
          0,
          0,
          0,
          null,
          0,
          0,
          0,
          0,
          0,
          0,
          null,
          0,
          0,
          0,
          0,
          0,
          null,
          0,
          null,
          0,
          0,
          0,
          0,
          0,
          0,
          0,
          0,
          0,
          0,
          0,
          0,
          0,
          0,
          null,
          0,
          0,
          0,
          null,
          0,
          0,
          0,
          0,
          0,
          0
        ],
        "branches": {}
      },
      "/app/app/controllers/users/registrations_controller.rb": {
        "lines": [
          0,
          0,
          null,
          0,
          0,
          0
        ],
        "branches": {}
      },
      "/app/app/controllers/users/sessions_controller.rb": {
        "lines": [
          null,
          0,
          0,
          null,
          0,
          0,
          0,
          0,
          0,
          0,
          0,
          null,
          0,
          0,
          0,
          0,
          0,
          0,
          0
        ],
        "branches": {}
      },
      "/app/app/graphql/mutations/base_mutation.rb": {
        "lines": [
          null,
          null,
          0,
          0,
          0,
          0,
          0,
          0,
          0,
          0
        ],
        "branches": {}
      },
      "/app/app/graphql/resolvers/base_resolver.rb": {
        "lines": [
          null,
          null,
          0,
          0,
          0,
          0
        ],
        "branches": {}
      },
      "/app/app/graphql/smartgym_api_schema.rb": {
        "lines": [
          null,
          null,
          0,
          0,
          0,
          null,
          null,
          0,
          null,
          null,
          0,
          null,
          null,
          null,
          null,
          0,
          0,
          null,
          null,
          0,
          null,
          null,
          0,
          0,
          null,
          null,
          0,
          null,
          null,
          0,
          null,
          null,
          null,
          null,
          0,
          null,
          0,
          0,
          null,
          null,
          0,
          null,
          0,
          0,
          0
        ],
        "branches": {}
      },
      "/app/app/graphql/types/base_argument.rb": {
        "lines": [
          null,
          null,
          0,
          0,
          0,
          0
        ],
        "branches": {}
      },
      "/app/app/graphql/types/base_connection.rb": {
        "lines": [
          null,
          null,
          0,
          0,
          null,
          0,
          0,
          0
        ],
        "branches": {}
      },
      "/app/app/graphql/types/base_edge.rb": {
        "lines": [
          null,
          null,
          0,
          0,
          null,
          0,
          0,
          0
        ],
        "branches": {}
      },
      "/app/app/graphql/types/base_enum.rb": {
        "lines": [
          null,
          null,
          0,
          0,
          0,
          0
        ],
        "branches": {}
      },
      "/app/app/graphql/types/base_field.rb": {
        "lines": [
          null,
          null,
          0,
          0,
          0,
          0,
          0
        ],
        "branches": {}
      },
      "/app/app/graphql/types/base_input_object.rb": {
        "lines": [
          null,
          null,
          0,
          0,
          0,
          0,
          0
        ],
        "branches": {}
      },
      "/app/app/graphql/types/base_interface.rb": {
        "lines": [
          null,
          null,
          0,
          0,
          0,
          0,
          0,
          null,
          0,
          0,
          0
        ],
        "branches": {}
      },
      "/app/app/graphql/types/base_object.rb": {
        "lines": [
          null,
          null,
          0,
          0,
          0,
          0,
          0,
          0,
          0
        ],
        "branches": {}
      },
      "/app/app/graphql/types/base_scalar.rb": {
        "lines": [
          null,
          null,
          0,
          0,
          0,
          0
        ],
        "branches": {}
      },
      "/app/app/graphql/types/base_union.rb": {
        "lines": [
          null,
          null,
          0,
          0,
          0,
          0,
          0,
          0
        ],
        "branches": {}
      },
      "/app/app/graphql/types/mutation_type.rb": {
        "lines": [
          null,
          null,
          0,
          0,
          null,
          0,
          0,
          0,
          0,
          0,
          0,
          0
        ],
        "branches": {}
      },
      "/app/app/graphql/types/node_type.rb": {
        "lines": [
          null,
          null,
          0,
          0,
          0,
          null,
          0,
          0,
          0
        ],
        "branches": {}
      },
      "/app/app/graphql/types/query_type.rb": {
        "lines": [
          null,
          null,
          0,
          0,
          0,
          0,
          0,
          null,
          0,
          0,
          0,
          null,
          0,
          0,
          0,
          null,
          0,
          0,
          0,
          null,
          0,
          0,
          null,
          0,
          0,
          0,
          0,
          0,
          0
        ],
        "branches": {}
      },
      "/app/app/graphql/types/user_type.rb": {
        "lines": [
          0,
          0,
          0,
          0,
          0,
          0,
          0,
          0
        ],
        "branches": {}
      },
      "/app/app/jobs/application_job.rb": {
        "lines": [
          0,
          null,
          null,
          null,
          null,
          null,
          0
        ],
        "branches": {}
      },
      "/app/app/mailers/application_mailer.rb": {
        "lines": [
          0,
          0,
          0,
          0
        ],
        "branches": {}
      },
      "/app/app/models/plan.rb": {
        "lines": [
          0,
          0,
          null,
          0,
          0,
          0
        ],
        "branches": {}
      }
    },
    "timestamp": 1765787904
  }
}
